<?xml version="1.0" encoding="UTF-8"?>
<!-- Generated by org.testng.reporters.JUnitReportReporter -->
<testsuite hostname="ZSCHN01LP0391" failures="0" tests="6" name="runners.MyTestRunner" time="13.123" errors="0" timestamp="2024-02-19T12:38:02 IST" skipped="0">
  <testcase classname="runners.MyTestRunner" name="runScenario" time="1.771"/>
  <system-out/>
  <testcase classname="runners.MyTestRunner" name="runScenario" time="1.400"/>
  <system-out/>
  <testcase classname="runners.MyTestRunner" name="runScenario" time="5.401"/>
  <system-out/>
  <testcase classname="runners.MyTestRunner" name="runScenario" time="0.953"/>
  <system-out/>
  <testcase classname="runners.MyTestRunner" name="runScenario" time="1.375"/>
  <system-out/>
  <testcase classname="runners.MyTestRunner" name="runScenario" time="2.223"/>
  <system-out/>
</testsuite> <!-- runners.MyTestRunner -->
