<?xml version="1.0" encoding="UTF-8"?>
<!-- Generated by org.testng.reporters.JUnitReportReporter -->
<testsuite hostname="ZSCHN01LP0391" failures="0" tests="6" name="runners.MyTestRunner" time="18.614" errors="0" timestamp="2024-02-18T23:13:39 IST" skipped="0">
  <testcase classname="runners.MyTestRunner" name="runScenario" time="2.264"/>
  <system-out/>
  <testcase classname="runners.MyTestRunner" name="runScenario" time="1.526"/>
  <system-out/>
  <testcase classname="runners.MyTestRunner" name="runScenario" time="6.991"/>
  <system-out/>
  <testcase classname="runners.MyTestRunner" name="runScenario" time="4.420"/>
  <system-out/>
  <testcase classname="runners.MyTestRunner" name="runScenario" time="1.183"/>
  <system-out/>
  <testcase classname="runners.MyTestRunner" name="runScenario" time="2.230"/>
  <system-out/>
</testsuite> <!-- runners.MyTestRunner -->
